<?xml version="1.0" encoding="UTF-8"?>
<!-- Generated by org.testng.reporters.JUnitXMLReporter -->
<testsuite hostname="3279HIMANS2323D" ignored="4" name="Test" tests="4" failures="0" timestamp="06 Jan 2020 08:56:19 GMT" time="0.041" errors="0">
  <testcase name="Loginapplication_01" time="0.01" classname="testcases.class1"/>
  <testcase name="Loginapplication_03" time="0.001" classname="testcases.class1"/>
  <testcase name="mobileapplication_01" time="0.0" classname="testcases.class2"/>
  <testcase name="mobileapplication_03" time="0.001" classname="testcases.class2"/>
  <testcase name="Loginapplication_02" time="0.0" classname="testcases.class1">
    <ignored/>
  </testcase> <!-- Loginapplication_02 -->
  <testcase name="mobileapplication_04" time="0.0" classname="testcases.class2">
    <ignored/>
  </testcase> <!-- mobileapplication_04 -->
  <testcase name="Loginapplication_04" time="0.0" classname="testcases.class1">
    <ignored/>
  </testcase> <!-- Loginapplication_04 -->
  <testcase name="mobileapplication_02" time="0.0" classname="testcases.class2">
    <ignored/>
  </testcase> <!-- mobileapplication_02 -->
</testsuite> <!-- Test -->
