<?xml version="1.0" encoding="UTF-8"?>
<testng-results skipped="0" failed="0" ignored="0" total="3" passed="3">
  <reporter-output>
  </reporter-output>
  <suite name="Default suite" duration-ms="37" started-at="2020-01-17T08:01:59Z" finished-at="2020-01-17T08:01:59Z">
    <groups>
    </groups>
    <test name="Default test" duration-ms="37" started-at="2020-01-17T08:01:59Z" finished-at="2020-01-17T08:01:59Z">
      <class name="testcases.test">
        <test-method status="PASS" signature="login(java.lang.String, java.lang.String)[pri:0, instance:testcases.test@42e26948]" name="login" duration-ms="11" started-at="2020-01-17T13:31:59Z" data-provider="dt" finished-at="2020-01-17T13:31:59Z">
          <params>
            <param index="0">
              <value>
                <![CDATA[test]]>
              </value>
            </param>
            <param index="1">
              <value>
                <![CDATA[test2]]>
              </value>
            </param>
          </params>
          <reporter-output>
          </reporter-output>
        </test-method> <!-- login -->
        <test-method status="PASS" signature="login(java.lang.String, java.lang.String)[pri:0, instance:testcases.test@42e26948]" name="login" duration-ms="1" started-at="2020-01-17T13:31:59Z" data-provider="dt" finished-at="2020-01-17T13:31:59Z">
          <params>
            <param index="0">
              <value>
                <![CDATA[test]]>
              </value>
            </param>
            <param index="1">
              <value>
                <![CDATA[test2]]>
              </value>
            </param>
          </params>
          <reporter-output>
          </reporter-output>
        </test-method> <!-- login -->
        <test-method status="PASS" signature="login(java.lang.String, java.lang.String)[pri:0, instance:testcases.test@42e26948]" name="login" duration-ms="0" started-at="2020-01-17T13:31:59Z" data-provider="dt" finished-at="2020-01-17T13:31:59Z">
          <params>
            <param index="0">
              <value>
                <![CDATA[test]]>
              </value>
            </param>
            <param index="1">
              <value>
                <![CDATA[test2]]>
              </value>
            </param>
          </params>
          <reporter-output>
          </reporter-output>
        </test-method> <!-- login -->
      </class> <!-- testcases.test -->
    </test> <!-- Default test -->
  </suite> <!-- Default suite -->
</testng-results>
