<?xml version="1.0" encoding="UTF-8"?>
<!-- Generated by org.testng.reporters.JUnitXMLReporter -->
<testsuite hostname="3279HIMANS2323D" ignored="0" name="Test" tests="11" failures="0" timestamp="06 Jan 2020 09:38:50 GMT" time="0.048" errors="0">
  <testcase name="testcase_05" time="0.004" classname="testcases.testngdemo"/>
  <testcase name="testcase_05" time="0.001" classname="testcases.testnglogin"/>
  <testcase name="testcase" time="0.002" classname="testcases.testnglogin"/>
  <testcase name="testcase_01" time="0.001" classname="testcases.testngdemo"/>
  <testcase name="testcase_01" time="0.0" classname="testcases.testnglogin"/>
  <testcase name="testcase_02" time="0.001" classname="testcases.testnglogin"/>
  <testcase name="testcase_02" time="0.001" classname="testcases.testngdemo"/>
  <testcase name="testcase_03" time="0.001" classname="testcases.testngdemo"/>
  <testcase name="testcase_03" time="0.001" classname="testcases.testnglogin"/>
  <testcase name="testcase_04" time="0.001" classname="testcases.testngdemo"/>
  <testcase name="testcase_04" time="0.001" classname="testcases.testnglogin"/>
</testsuite> <!-- Test -->
